Arguments: 
  /usr/local/bin/node /usr/local/bin/yarn add vant

PATH: 
  /Library/Frameworks/Python.framework/Versions/3.9/bin:/usr/local/bin:/usr/bin:/bin:/usr/sbin:/sbin:/usr/local/go/bin:/opt/X11/bin:/Library/Frameworks/Mono.framework/Versions/Current/Commands:/Users/cx/WebstormProjects/mogujie/node_modules/.bin

Yarn version: 
  1.22.11

Node version: 
  16.8.0

Platform: 
  darwin x64

Trace: 
  Error: connect ECONNREFUSED 61.184.215.167:443
      at TCPConnectWrap.afterConnect [as oncomplete] (node:net:1146:16)

npm manifest: 
  {
    "name": "mogujie",
    "version": "0.0.0",
    "scripts": {
      "dev": "vite",
      "build": "vite build",
      "serve": "vite preview"
    },
    "dependencies": {
      "axios": "^0.24.0",
      "mockjs": "^1.1.0",
      "normalize.css": "^8.0.1",
      "sass": "^1.43.4",
      "sass-loader": "^12.3.0",
      "vue": "^3.2.16"
    },
    "devDependencies": {
      "@vitejs/plugin-vue": "^1.9.3",
      "sass-resources-loader": "^2.2.4",
      "vite": "^2.6.4"
    }
  }

yarn manifest: 
  No manifest

Lockfile: 
  # THIS IS AN AUTOGENERATED FILE. DO NOT EDIT THIS FILE DIRECTLY.
  # yarn lockfile v1
  
  
  "@babel/parser@^7.15.0":
    version "7.15.8"
    resolved "https://registry.npmmirror.com/@babel/parser/download/@babel/parser-7.15.8.tgz?cache=0&sync_timestamp=1633553767489&other_urls=https%3A%2F%2Fregistry.npmmirror.com%2F%40babel%2Fparser%2Fdownload%2F%40babel%2Fparser-7.15.8.tgz"
    integrity sha1-e6zcvnG9w/+TbVEMFdzqfPC5kBY=
  
  "@vitejs/plugin-vue@^1.9.3":
    version "1.9.3"
    resolved "https://registry.npmmirror.com/@vitejs/plugin-vue/download/@vitejs/plugin-vue-1.9.3.tgz"
    integrity sha1-k9YYk85scj0CCa8Eg+yLkaLNgR8=
  
  "@vue/compiler-core@3.2.20":
    version "3.2.20"
    resolved "https://registry.npmmirror.com/@vue/compiler-core/download/@vue/compiler-core-3.2.20.tgz?cache=0&sync_timestamp=1633712532581&other_urls=https%3A%2F%2Fregistry.npmmirror.com%2F%40vue%2Fcompiler-core%2Fdownload%2F%40vue%2Fcompiler-core-3.2.20.tgz"
    integrity sha1-r1o8UjeBiDWw0L6DfrWIWo0hwWA=
    dependencies:
      "@babel/parser" "^7.15.0"
      "@vue/shared" "3.2.20"
      estree-walker "^2.0.2"
      source-map "^0.6.1"
  
  "@vue/compiler-dom@3.2.20":
    version "3.2.20"
    resolved "https://registry.npmmirror.com/@vue/compiler-dom/download/@vue/compiler-dom-3.2.20.tgz?cache=0&sync_timestamp=1633712540519&other_urls=https%3A%2F%2Fregistry.npmmirror.com%2F%40vue%2Fcompiler-dom%2Fdownload%2F%40vue%2Fcompiler-dom-3.2.20.tgz"
    integrity sha1-jg7zVEScD69BUZsAv8IEXq4B3LU=
    dependencies:
      "@vue/compiler-core" "3.2.20"
      "@vue/shared" "3.2.20"
  
  "@vue/compiler-sfc@3.2.20":
    version "3.2.20"
    resolved "https://registry.npmmirror.com/@vue/compiler-sfc/download/@vue/compiler-sfc-3.2.20.tgz?cache=0&sync_timestamp=1633712595030&other_urls=https%3A%2F%2Fregistry.npmmirror.com%2F%40vue%2Fcompiler-sfc%2Fdownload%2F%40vue%2Fcompiler-sfc-3.2.20.tgz"
    integrity sha1-LXZo528GbFZt18CcFcmszk6Hbgo=
    dependencies:
      "@babel/parser" "^7.15.0"
      "@vue/compiler-core" "3.2.20"
      "@vue/compiler-dom" "3.2.20"
      "@vue/compiler-ssr" "3.2.20"
      "@vue/ref-transform" "3.2.20"
      "@vue/shared" "3.2.20"
      estree-walker "^2.0.2"
      magic-string "^0.25.7"
      postcss "^8.1.10"
      source-map "^0.6.1"
  
  "@vue/compiler-ssr@3.2.20":
    version "3.2.20"
    resolved "https://registry.npmmirror.com/@vue/compiler-ssr/download/@vue/compiler-ssr-3.2.20.tgz?cache=0&sync_timestamp=1633712593221&other_urls=https%3A%2F%2Fregistry.npmmirror.com%2F%40vue%2Fcompiler-ssr%2Fdownload%2F%40vue%2Fcompiler-ssr-3.2.20.tgz"
    integrity sha1-nM62Jh2ZMstVaCAmEMHCj4bF5SE=
    dependencies:
      "@vue/compiler-dom" "3.2.20"
      "@vue/shared" "3.2.20"
  
  "@vue/reactivity@3.2.20":
    version "3.2.20"
    resolved "https://registry.npmmirror.com/@vue/reactivity/download/@vue/reactivity-3.2.20.tgz"
    integrity sha1-gf4cNo5/ILwOwd7BBFu+4lNYLeg=
    dependencies:
      "@vue/shared" "3.2.20"
  
  "@vue/ref-transform@3.2.20":
    version "3.2.20"
    resolved "https://registry.npmmirror.com/@vue/ref-transform/download/@vue/ref-transform-3.2.20.tgz?cache=0&sync_timestamp=1633712592474&other_urls=https%3A%2F%2Fregistry.npmmirror.com%2F%40vue%2Fref-transform%2Fdownload%2F%40vue%2Fref-transform-3.2.20.tgz"
    integrity sha1-KlnskMr45cczZ3agkAv/CouBwJA=
    dependencies:
      "@babel/parser" "^7.15.0"
      "@vue/compiler-core" "3.2.20"
      "@vue/shared" "3.2.20"
      estree-walker "^2.0.2"
      magic-string "^0.25.7"
  
  "@vue/runtime-core@3.2.20":
    version "3.2.20"
    resolved "https://registry.npmmirror.com/@vue/runtime-core/download/@vue/runtime-core-3.2.20.tgz"
    integrity sha1-j2PpVqP4j7dyVBRDxFp3ASEQEss=
    dependencies:
      "@vue/reactivity" "3.2.20"
      "@vue/shared" "3.2.20"
  
  "@vue/runtime-dom@3.2.20":
    version "3.2.20"
    resolved "https://registry.npmmirror.com/@vue/runtime-dom/download/@vue/runtime-dom-3.2.20.tgz?cache=0&sync_timestamp=1633712550190&other_urls=https%3A%2F%2Fregistry.npmmirror.com%2F%40vue%2Fruntime-dom%2Fdownload%2F%40vue%2Fruntime-dom-3.2.20.tgz"
    integrity sha1-iqVq5sMPnNSnHKDp7DxL3GcUjRU=
    dependencies:
      "@vue/runtime-core" "3.2.20"
      "@vue/shared" "3.2.20"
      csstype "^2.6.8"
  
  "@vue/server-renderer@3.2.20":
    version "3.2.20"
    resolved "https://registry.npmmirror.com/@vue/server-renderer/download/@vue/server-renderer-3.2.20.tgz?cache=0&sync_timestamp=1633712550303&other_urls=https%3A%2F%2Fregistry.npmmirror.com%2F%40vue%2Fserver-renderer%2Fdownload%2F%40vue%2Fserver-renderer-3.2.20.tgz"
    integrity sha1-cF4HrpQlEysrYifTCKUaE/TU7IE=
    dependencies:
      "@vue/compiler-ssr" "3.2.20"
      "@vue/shared" "3.2.20"
  
  "@vue/shared@3.2.20":
    version "3.2.20"
    resolved "https://registry.npmmirror.com/@vue/shared/download/@vue/shared-3.2.20.tgz?cache=0&sync_timestamp=1633712540923&other_urls=https%3A%2F%2Fregistry.npmmirror.com%2F%40vue%2Fshared%2Fdownload%2F%40vue%2Fshared-3.2.20.tgz"
    integrity sha1-U3RpYfcxqOpmbjMWJx6UQjjcMds=
  
  ansi-styles@^4.1.0:
    version "4.3.0"
    resolved "https://registry.nlark.com/ansi-styles/download/ansi-styles-4.3.0.tgz?cache=0&sync_timestamp=1618995588464&other_urls=https%3A%2F%2Fregistry.nlark.com%2Fansi-styles%2Fdownload%2Fansi-styles-4.3.0.tgz"
    integrity sha1-7dgDYornHATIWuegkG7a00tkiTc=
    dependencies:
      color-convert "^2.0.1"
  
  anymatch@~3.1.2:
    version "3.1.2"
    resolved "https://registry.nlark.com/anymatch/download/anymatch-3.1.2.tgz"
    integrity sha1-wFV8CWrzLxBhmPT04qODU343hxY=
    dependencies:
      normalize-path "^3.0.0"
      picomatch "^2.0.4"
  
  async@^3.2.0:
    version "3.2.1"
    resolved "https://registry.nlark.com/async/download/async-3.2.1.tgz"
    integrity sha1-0ydOxm0QekdHakxJE2qs2wBmX8g=
  
  axios@^0.24.0:
    version "0.24.0"
    resolved "https://registry.npmmirror.com/axios/download/axios-0.24.0.tgz?cache=0&sync_timestamp=1635213960429&other_urls=https%3A%2F%2Fregistry.npmmirror.com%2Faxios%2Fdownload%2Faxios-0.24.0.tgz"
    integrity sha1-gE5voeS5xSiFAd2d/1anoJQNINY=
    dependencies:
      follow-redirects "^1.14.4"
  
  balanced-match@^1.0.0:
    version "1.0.2"
    resolved "https://registry.npm.taobao.org/balanced-match/download/balanced-match-1.0.2.tgz?cache=0&sync_timestamp=1617714233441&other_urls=https%3A%2F%2Fregistry.npm.taobao.org%2Fbalanced-match%2Fdownload%2Fbalanced-match-1.0.2.tgz"
    integrity sha1-6D46fj8wCzTLnYf2FfoMvzV2kO4=
  
  big.js@^5.2.2:
    version "5.2.2"
    resolved "https://registry.nlark.com/big.js/download/big.js-5.2.2.tgz?cache=0&sync_timestamp=1620132748267&other_urls=https%3A%2F%2Fregistry.nlark.com%2Fbig.js%2Fdownload%2Fbig.js-5.2.2.tgz"
    integrity sha1-ZfCvOC9Xi83HQr2cKB6cstd2gyg=
  
  binary-extensions@^2.0.0:
    version "2.2.0"
    resolved "https://registry.npm.taobao.org/binary-extensions/download/binary-extensions-2.2.0.tgz?cache=0&sync_timestamp=1610299293319&other_urls=https%3A%2F%2Fregistry.npm.taobao.org%2Fbinary-extensions%2Fdownload%2Fbinary-extensions-2.2.0.tgz"
    integrity sha1-dfUC7q+f/eQvyYgpZFvk6na9ni0=
  
  brace-expansion@^1.1.7:
    version "1.1.11"
    resolved "https://registry.nlark.com/brace-expansion/download/brace-expansion-1.1.11.tgz"
    integrity sha1-PH/L9SnYcibz0vUrlm/1Jx60Qd0=
    dependencies:
      balanced-match "^1.0.0"
      concat-map "0.0.1"
  
  braces@~3.0.2:
    version "3.0.2"
    resolved "https://registry.nlark.com/braces/download/braces-3.0.2.tgz"
    integrity sha1-NFThpGLujVmeI23zNs2epPiv4Qc=
    dependencies:
      fill-range "^7.0.1"
  
  chalk@^4.1.0:
    version "4.1.2"
    resolved "https://registry.nlark.com/chalk/download/chalk-4.1.2.tgz?cache=0&sync_timestamp=1627646655305&other_urls=https%3A%2F%2Fregistry.nlark.com%2Fchalk%2Fdownload%2Fchalk-4.1.2.tgz"
    integrity sha1-qsTit3NKdAhnrrFr8CqtVWoeegE=
    dependencies:
      ansi-styles "^4.1.0"
      supports-color "^7.1.0"
  
  "chokidar@>=3.0.0 <4.0.0":
    version "3.5.2"
    resolved "https://registry.nlark.com/chokidar/download/chokidar-3.5.2.tgz"
    integrity sha1-26OXb8rbAW9m/TZQIdkWANAcHnU=
    dependencies:
      anymatch "~3.1.2"
      braces "~3.0.2"
      glob-parent "~5.1.2"
      is-binary-path "~2.1.0"
      is-glob "~4.0.1"
      normalize-path "~3.0.0"
      readdirp "~3.6.0"
    optionalDependencies:
      fsevents "~2.3.2"
  
  color-convert@^2.0.1:
    version "2.0.1"
    resolved "https://registry.nlark.com/color-convert/download/color-convert-2.0.1.tgz"
    integrity sha1-ctOmjVmMm9s68q0ehPIdiWq9TeM=
    dependencies:
      color-name "~1.1.4"
  
  color-name@~1.1.4:
    version "1.1.4"
    resolved "https://registry.npm.taobao.org/color-name/download/color-name-1.1.4.tgz"
    integrity sha1-wqCah6y95pVD3m9j+jmVyCbFNqI=
  
  commander@*:
    version "8.3.0"
    resolved "https://registry.npmmirror.com/commander/download/commander-8.3.0.tgz?cache=0&sync_timestamp=1634886396986&other_urls=https%3A%2F%2Fregistry.npmmirror.com%2Fcommander%2Fdownload%2Fcommander-8.3.0.tgz"
    integrity sha1-SDfqGy2me5xhamevuw+v7lZ7ymY=
  
  concat-map@0.0.1:
    version "0.0.1"
    resolved "https://registry.npm.taobao.org/concat-map/download/concat-map-0.0.1.tgz"
    integrity sha1-2Klr13/Wjfd5OnMDajug1UBdR3s=
  
  csstype@^2.6.8:
    version "2.6.18"
    resolved "https://registry.nlark.com/csstype/download/csstype-2.6.18.tgz?cache=0&sync_timestamp=1631540709509&other_urls=https%3A%2F%2Fregistry.nlark.com%2Fcsstype%2Fdownload%2Fcsstype-2.6.18.tgz"
    integrity sha1-mAqLUwhfNK8xNBCvBk8r0kF4Qhg=
  
  emojis-list@^3.0.0:
    version "3.0.0"
    resolved "https://registry.nlark.com/emojis-list/download/emojis-list-3.0.0.tgz"
    integrity sha1-VXBmIEatKeLpFucariYKvf9Pang=
  
  esbuild-android-arm64@0.13.9:
    version "0.13.9"
    resolved "https://registry.npmmirror.com/esbuild-android-arm64/download/esbuild-android-arm64-0.13.9.tgz#6cc4a0c623332c0830a311ddd8242b1f496ff940"
    integrity sha1-bMSgxiMzLAgwoxHd2CQrH0lv+UA=
  
  esbuild-darwin-64@0.13.9:
    version "0.13.9"
    resolved "https://registry.npmmirror.com/esbuild-darwin-64/download/esbuild-darwin-64-0.13.9.tgz"
    integrity sha1-30QpfCQ4AyzaKyFUioK7AH4hBcw=
  
  esbuild-darwin-arm64@0.13.9:
    version "0.13.9"
    resolved "https://registry.npmmirror.com/esbuild-darwin-arm64/download/esbuild-darwin-arm64-0.13.9.tgz#704ef404a6a38eda190d40ed354e7f2c1c839081"
    integrity sha1-cE70BKajjtoZDUDtNU5/LByDkIE=
  
  esbuild-freebsd-64@0.13.9:
    version "0.13.9"
    resolved "https://registry.npmmirror.com/esbuild-freebsd-64/download/esbuild-freebsd-64-0.13.9.tgz#fbbf22c99e15f27d0f8a1a040d7961a86f0d3a4e"
    integrity sha1-+78iyZ4V8n0PihoEDXlhqG8NOk4=
  
  esbuild-freebsd-arm64@0.13.9:
    version "0.13.9"
    resolved "https://registry.npmmirror.com/esbuild-freebsd-arm64/download/esbuild-freebsd-arm64-0.13.9.tgz#809fff4c43653dbbf071ffce9f80a030b278098e"
    integrity sha1-gJ//TENlPbvwcf/On4CgMLJ4CY4=
  
  esbuild-linux-32@0.13.9:
    version "0.13.9"
    resolved "https://registry.npmmirror.com/esbuild-linux-32/download/esbuild-linux-32-0.13.9.tgz?cache=0&sync_timestamp=1635080170090&other_urls=https%3A%2F%2Fregistry.npmmirror.com%2Fesbuild-linux-32%2Fdownload%2Fesbuild-linux-32-0.13.9.tgz#f9fd3423481e51674e9817d5eea25689889a5f5a"
    integrity sha1-+f00I0geUWdOmBfV7qJWiYiaX1o=
  
  esbuild-linux-64@0.13.9:
    version "0.13.9"
    resolved "https://registry.npmmirror.com/esbuild-linux-64/download/esbuild-linux-64-0.13.9.tgz?cache=0&sync_timestamp=1635080383748&other_urls=https%3A%2F%2Fregistry.npmmirror.com%2Fesbuild-linux-64%2Fdownload%2Fesbuild-linux-64-0.13.9.tgz#9d7f66866dae1abaff7cbc3749f2847d5fb72fd5"
    integrity sha1-nX9mhm2uGrr/fLw3SfKEfV+3L9U=
  
  esbuild-linux-arm64@0.13.9:
    version "0.13.9"
    resolved "https://registry.npmmirror.com/esbuild-linux-arm64/download/esbuild-linux-arm64-0.13.9.tgz#669202e71b9ced4d285bfd1d69de948e013ac28f"
    integrity sha1-ZpIC5xuc7U0oW/0dad6UjgE6wo8=
  
  esbuild-linux-arm@0.13.9:
    version "0.13.9"
    resolved "https://registry.npmmirror.com/esbuild-linux-arm/download/esbuild-linux-arm-0.13.9.tgz#c3ceb56ec0e3dbd1a3a89dca6cb7fc0ca360bcc8"
    integrity sha1-w861bsDj29GjqJ3KbLf8DKNgvMg=
  
  esbuild-linux-mips64le@0.13.9:
    version "0.13.9"
    resolved "https://registry.npmmirror.com/esbuild-linux-mips64le/download/esbuild-linux-mips64le-0.13.9.tgz?cache=0&sync_timestamp=1635080176930&other_urls=https%3A%2F%2Fregistry.npmmirror.com%2Fesbuild-linux-mips64le%2Fdownload%2Fesbuild-linux-mips64le-0.13.9.tgz#bf4bd389ee14b67c5c77669952f2de6b2cc8a003"
    integrity sha1-v0vTie4Utnxcd2aZUvLeayzIoAM=
  
  esbuild-linux-ppc64le@0.13.9:
    version "0.13.9"
    resolved "https://registry.npmmirror.com/esbuild-linux-ppc64le/download/esbuild-linux-ppc64le-0.13.9.tgz?cache=0&sync_timestamp=1635080180536&other_urls=https%3A%2F%2Fregistry.npmmirror.com%2Fesbuild-linux-ppc64le%2Fdownload%2Fesbuild-linux-ppc64le-0.13.9.tgz#465b7bdc70577da606b3b5d463028292b6d834ad"
    integrity sha1-Rlt73HBXfaYGs7XUYwKCkrbYNK0=
  
  esbuild-netbsd-64@0.13.9:
    version "0.13.9"
    resolved "https://registry.npmmirror.com/esbuild-netbsd-64/download/esbuild-netbsd-64-0.13.9.tgz#94f2dabe83520066cc1e1fae3ecff78695a8ebb1"
    integrity sha1-lPLavoNSAGbMHh+uPs/3hpWo67E=
  
  esbuild-openbsd-64@0.13.9:
    version "0.13.9"
    resolved "https://registry.npmmirror.com/esbuild-openbsd-64/download/esbuild-openbsd-64-0.13.9.tgz#b47f6a641ca37358aeedb2b7c4bb73dd0682c6d5"
    integrity sha1-tH9qZByjc1iu7bK3xLtz3QaCxtU=
  
  esbuild-sunos-64@0.13.9:
    version "0.13.9"
    resolved "https://registry.npmmirror.com/esbuild-sunos-64/download/esbuild-sunos-64-0.13.9.tgz?cache=0&sync_timestamp=1635080207181&other_urls=https%3A%2F%2Fregistry.npmmirror.com%2Fesbuild-sunos-64%2Fdownload%2Fesbuild-sunos-64-0.13.9.tgz#b0df4a316b7c98eb490f4bd0db381cf2c391ae73"
    integrity sha1-sN9KMWt8mOtJD0vQ2zgc8sORrnM=
  
  esbuild-windows-32@0.13.9:
    version "0.13.9"
    resolved "https://registry.npmmirror.com/esbuild-windows-32/download/esbuild-windows-32-0.13.9.tgz#e229563e134e634f9748cc8315c691e2013259ef"
    integrity sha1-4ilWPhNOY0+XSMyDFcaR4gEyWe8=
  
  esbuild-windows-64@0.13.9:
    version "0.13.9"
    resolved "https://registry.npmmirror.com/esbuild-windows-64/download/esbuild-windows-64-0.13.9.tgz#103ad3f13e1a0e44934b91f358e81dd201b86b34"
    integrity sha1-EDrT8T4aDkSTS5HzWOgd0gG4azQ=
  
  esbuild-windows-arm64@0.13.9:
    version "0.13.9"
    resolved "https://registry.npmmirror.com/esbuild-windows-arm64/download/esbuild-windows-arm64-0.13.9.tgz?cache=0&sync_timestamp=1635080204975&other_urls=https%3A%2F%2Fregistry.npmmirror.com%2Fesbuild-windows-arm64%2Fdownload%2Fesbuild-windows-arm64-0.13.9.tgz#545bb58848008258b339b1b00fcfe92c85bc7251"
    integrity sha1-VFu1iEgAglizObGwD8/pLIW8clE=
  
  esbuild@^0.13.2:
    version "0.13.9"
    resolved "https://registry.npmmirror.com/esbuild/download/esbuild-0.13.9.tgz?cache=0&sync_timestamp=1635080145514&other_urls=https%3A%2F%2Fregistry.npmmirror.com%2Fesbuild%2Fdownload%2Fesbuild-0.13.9.tgz"
    integrity sha1-qvxLM3WsRDrnsiPCbE5Y0Q0tU1s=
    optionalDependencies:
      esbuild-android-arm64 "0.13.9"
      esbuild-darwin-64 "0.13.9"
      esbuild-darwin-arm64 "0.13.9"
      esbuild-freebsd-64 "0.13.9"
      esbuild-freebsd-arm64 "0.13.9"
      esbuild-linux-32 "0.13.9"
      esbuild-linux-64 "0.13.9"
      esbuild-linux-arm "0.13.9"
      esbuild-linux-arm64 "0.13.9"
      esbuild-linux-mips64le "0.13.9"
      esbuild-linux-ppc64le "0.13.9"
      esbuild-netbsd-64 "0.13.9"
      esbuild-openbsd-64 "0.13.9"
      esbuild-sunos-64 "0.13.9"
      esbuild-windows-32 "0.13.9"
      esbuild-windows-64 "0.13.9"
      esbuild-windows-arm64 "0.13.9"
  
  estree-walker@^2.0.2:
    version "2.0.2"
    resolved "https://registry.npm.taobao.org/estree-walker/download/estree-walker-2.0.2.tgz"
    integrity sha1-UvAQF4wqTBF6d1fP6UKtt9LaTKw=
  
  fill-range@^7.0.1:
    version "7.0.1"
    resolved "https://registry.npm.taobao.org/fill-range/download/fill-range-7.0.1.tgz"
    integrity sha1-GRmmp8df44ssfHflGYU12prN2kA=
    dependencies:
      to-regex-range "^5.0.1"
  
  follow-redirects@^1.14.4:
    version "1.14.4"
    resolved "https://registry.nlark.com/follow-redirects/download/follow-redirects-1.14.4.tgz?cache=0&sync_timestamp=1631622129411&other_urls=https%3A%2F%2Fregistry.nlark.com%2Ffollow-redirects%2Fdownload%2Ffollow-redirects-1.14.4.tgz"
    integrity sha1-g4/fSKi73XnlLuUfsclOPtmLk3k=
  
  fs.realpath@^1.0.0:
    version "1.0.0"
    resolved "https://registry.nlark.com/fs.realpath/download/fs.realpath-1.0.0.tgz"
    integrity sha1-FQStJSMVjKpA20onh8sBQRmU6k8=
  
  fsevents@~2.3.2:
    version "2.3.2"
    resolved "https://registry.npm.taobao.org/fsevents/download/fsevents-2.3.2.tgz?cache=0&sync_timestamp=1612537022152&other_urls=https%3A%2F%2Fregistry.npm.taobao.org%2Ffsevents%2Fdownload%2Ffsevents-2.3.2.tgz"
    integrity sha1-ilJveLj99GI7cJ4Ll1xSwkwC/Ro=
  
  function-bind@^1.1.1:
    version "1.1.1"
    resolved "https://registry.nlark.com/function-bind/download/function-bind-1.1.1.tgz"
    integrity sha1-pWiZ0+o8m6uHS7l3O3xe3pL0iV0=
  
  glob-parent@~5.1.2:
    version "5.1.2"
    resolved "https://registry.npmmirror.com/glob-parent/download/glob-parent-5.1.2.tgz?cache=0&sync_timestamp=1632953697891&other_urls=https%3A%2F%2Fregistry.npmmirror.com%2Fglob-parent%2Fdownload%2Fglob-parent-5.1.2.tgz"
    integrity sha1-hpgyxYA0/mikCTwX3BXoNA2EAcQ=
    dependencies:
      is-glob "^4.0.1"
  
  glob@^7.1.6:
    version "7.2.0"
    resolved "https://registry.npmmirror.com/glob/download/glob-7.2.0.tgz?cache=0&sync_timestamp=1632353796482&other_urls=https%3A%2F%2Fregistry.npmmirror.com%2Fglob%2Fdownload%2Fglob-7.2.0.tgz"
    integrity sha1-0VU1r3cy4C6Uj0xBYovZECk/YCM=
    dependencies:
      fs.realpath "^1.0.0"
      inflight "^1.0.4"
      inherits "2"
      minimatch "^3.0.4"
      once "^1.3.0"
      path-is-absolute "^1.0.0"
  
  has-flag@^4.0.0:
    version "4.0.0"
    resolved "https://registry.nlark.com/has-flag/download/has-flag-4.0.0.tgz?cache=0&sync_timestamp=1626715907927&other_urls=https%3A%2F%2Fregistry.nlark.com%2Fhas-flag%2Fdownload%2Fhas-flag-4.0.0.tgz"
    integrity sha1-lEdx/ZyByBJlxNaUGGDaBrtZR5s=
  
  has@^1.0.3:
    version "1.0.3"
    resolved "https://registry.nlark.com/has/download/has-1.0.3.tgz"
    integrity sha1-ci18v8H2qoJB8W3YFOAR4fQeh5Y=
    dependencies:
      function-bind "^1.1.1"
  
  inflight@^1.0.4:
    version "1.0.6"
    resolved "https://registry.npm.taobao.org/inflight/download/inflight-1.0.6.tgz"
    integrity sha1-Sb1jMdfQLQwJvJEKEHW6gWW1bfk=
    dependencies:
      once "^1.3.0"
      wrappy "1"
  
  inherits@2:
    version "2.0.4"
    resolved "https://registry.nlark.com/inherits/download/inherits-2.0.4.tgz"
    integrity sha1-D6LGT5MpF8NDOg3tVTY6rjdBa3w=
  
  is-binary-path@~2.1.0:
    version "2.1.0"
    resolved "https://registry.nlark.com/is-binary-path/download/is-binary-path-2.1.0.tgz"
    integrity sha1-6h9/O4DwZCNug0cPhsCcJU+0Wwk=
    dependencies:
      binary-extensions "^2.0.0"
  
  is-core-module@^2.2.0:
    version "2.8.0"
    resolved "https://registry.npmmirror.com/is-core-module/download/is-core-module-2.8.0.tgz?cache=0&sync_timestamp=1634236731601&other_urls=https%3A%2F%2Fregistry.npmmirror.com%2Fis-core-module%2Fdownload%2Fis-core-module-2.8.0.tgz"
    integrity sha1-AyEzbD0JJeSX/Zf12VyxFKXM1Ug=
    dependencies:
      has "^1.0.3"
  
  is-extglob@^2.1.1:
    version "2.1.1"
    resolved "https://registry.npm.taobao.org/is-extglob/download/is-extglob-2.1.1.tgz"
    integrity sha1-qIwCU1eR8C7TfHahueqXc8gz+MI=
  
  is-glob@^4.0.1, is-glob@~4.0.1:
    version "4.0.3"
    resolved "https://registry.npmmirror.com/is-glob/download/is-glob-4.0.3.tgz"
    integrity sha1-ZPYeQsu7LuwgcanawLKLoeZdUIQ=
    dependencies:
      is-extglob "^2.1.1"
  
  is-number@^7.0.0:
    version "7.0.0"
    resolved "https://registry.npm.taobao.org/is-number/download/is-number-7.0.0.tgz"
    integrity sha1-dTU0W4lnNNX4DE0GxQlVUnoU8Ss=
  
  json5@^2.1.2:
    version "2.2.0"
    resolved "https://registry.npm.taobao.org/json5/download/json5-2.2.0.tgz"
    integrity sha1-Lf7+cgxrpSXZ69kJlQ8FFTFsiaM=
    dependencies:
      minimist "^1.2.5"
  
  klona@^2.0.4:
    version "2.0.5"
    resolved "https://registry.npmmirror.com/klona/download/klona-2.0.5.tgz?cache=0&sync_timestamp=1635385383825&other_urls=https%3A%2F%2Fregistry.npmmirror.com%2Fklona%2Fdownload%2Fklona-2.0.5.tgz#d166574d90076395d9963aa7a928fabb8d76afbc"
    integrity sha1-0WZXTZAHY5XZljqnqSj6u412r7w=
  
  loader-utils@^2.0.0:
    version "2.0.0"
    resolved "https://registry.npmmirror.com/loader-utils/download/loader-utils-2.0.0.tgz?cache=0&sync_timestamp=1634740734133&other_urls=https%3A%2F%2Fregistry.npmmirror.com%2Floader-utils%2Fdownload%2Floader-utils-2.0.0.tgz"
    integrity sha1-5MrOW4FtQloWa18JfhDNErNgZLA=
    dependencies:
      big.js "^5.2.2"
      emojis-list "^3.0.0"
      json5 "^2.1.2"
  
  magic-string@^0.25.7:
    version "0.25.7"
    resolved "https://registry.nlark.com/magic-string/download/magic-string-0.25.7.tgz"
    integrity sha1-P0l9b9NMZpxnmNy4IfLvMfVEUFE=
    dependencies:
      sourcemap-codec "^1.4.4"
  
  minimatch@^3.0.4:
    version "3.0.4"
    resolved "https://registry.npm.taobao.org/minimatch/download/minimatch-3.0.4.tgz"
    integrity sha1-UWbihkV/AzBgZL5Ul+jbsMPTIIM=
    dependencies:
      brace-expansion "^1.1.7"
  
  minimist@^1.2.5:
    version "1.2.5"
    resolved "https://registry.npm.taobao.org/minimist/download/minimist-1.2.5.tgz"
    integrity sha1-Z9ZgFLZqaoqqDAg8X9WN9OTpdgI=
  
  mockjs@^1.1.0:
    version "1.1.0"
    resolved "https://registry.npm.taobao.org/mockjs/download/mockjs-1.1.0.tgz"
    integrity sha1-5qDDeOkZBtuv8gkRzAJzs8fXWwY=
    dependencies:
      commander "*"
  
  nanoid@^3.1.30:
    version "3.1.30"
    resolved "https://registry.npmmirror.com/nanoid/download/nanoid-3.1.30.tgz"
    integrity sha1-Y/k8xUjSoRPcXfvGO/oJ4rm2Q2I=
  
  neo-async@^2.6.2:
    version "2.6.2"
    resolved "https://registry.nlark.com/neo-async/download/neo-async-2.6.2.tgz#b4aafb93e3aeb2d8174ca53cf163ab7d7308305f"
    integrity sha1-tKr7k+OustgXTKU88WOrfXMIMF8=
  
  normalize-path@^3.0.0, normalize-path@~3.0.0:
    version "3.0.0"
    resolved "https://registry.nlark.com/normalize-path/download/normalize-path-3.0.0.tgz"
    integrity sha1-Dc1p/yOhybEf0JeDFmRKA4ghamU=
  
  normalize.css@^8.0.1:
    version "8.0.1"
    resolved "https://registry.npm.taobao.org/normalize.css/download/normalize.css-8.0.1.tgz#9b98a208738b9cc2634caacbc42d131c97487bf3"
    integrity sha1-m5iiCHOLnMJjTKrLxC0THJdIe/M=
  
  once@^1.3.0:
    version "1.4.0"
    resolved "https://registry.nlark.com/once/download/once-1.4.0.tgz"
    integrity sha1-WDsap3WWHUsROsF9nFC6753Xa9E=
    dependencies:
      wrappy "1"
  
  path-is-absolute@^1.0.0:
    version "1.0.1"
    resolved "https://registry.npm.taobao.org/path-is-absolute/download/path-is-absolute-1.0.1.tgz"
    integrity sha1-F0uSaHNVNP+8es5r9TpanhtcX18=
  
  path-parse@^1.0.6:
    version "1.0.7"
    resolved "https://registry.nlark.com/path-parse/download/path-parse-1.0.7.tgz"
    integrity sha1-+8EUtgykKzDZ2vWFjkvWi77bZzU=
  
  picocolors@^1.0.0:
    version "1.0.0"
    resolved "https://registry.npmmirror.com/picocolors/download/picocolors-1.0.0.tgz?cache=0&sync_timestamp=1634093339035&other_urls=https%3A%2F%2Fregistry.npmmirror.com%2Fpicocolors%2Fdownload%2Fpicocolors-1.0.0.tgz"
    integrity sha1-y1vcdP8/UYkiNur3nWi8RFZKuBw=
  
  picomatch@^2.0.4, picomatch@^2.2.1:
    version "2.3.0"
    resolved "https://registry.nlark.com/picomatch/download/picomatch-2.3.0.tgz?cache=0&sync_timestamp=1621648246651&other_urls=https%3A%2F%2Fregistry.nlark.com%2Fpicomatch%2Fdownload%2Fpicomatch-2.3.0.tgz"
    integrity sha1-8fBh3o9qS/AiiS4tEoI0+5gwKXI=
  
  postcss@^8.1.10, postcss@^8.3.8:
    version "8.3.11"
    resolved "https://registry.npmmirror.com/postcss/download/postcss-8.3.11.tgz?cache=0&sync_timestamp=1634821260697&other_urls=https%3A%2F%2Fregistry.npmmirror.com%2Fpostcss%2Fdownload%2Fpostcss-8.3.11.tgz"
    integrity sha1-w77KfqgRzV4cSj7G0udZnvH4+Fg=
    dependencies:
      nanoid "^3.1.30"
      picocolors "^1.0.0"
      source-map-js "^0.6.2"
  
  readdirp@~3.6.0:
    version "3.6.0"
    resolved "https://registry.nlark.com/readdirp/download/readdirp-3.6.0.tgz"
    integrity sha1-dKNwvYVxFuJFspzJc0DNQxoCpsc=
    dependencies:
      picomatch "^2.2.1"
  
  resolve@^1.20.0:
    version "1.20.0"
    resolved "https://registry.npm.taobao.org/resolve/download/resolve-1.20.0.tgz"
    integrity sha1-YpoBP7P3B1XW8LeTXMHCxTeLGXU=
    dependencies:
      is-core-module "^2.2.0"
      path-parse "^1.0.6"
  
  rollup@^2.57.0:
    version "2.58.3"
    resolved "https://registry.npmmirror.com/rollup/download/rollup-2.58.3.tgz?cache=0&sync_timestamp=1635229318454&other_urls=https%3A%2F%2Fregistry.npmmirror.com%2Frollup%2Fdownload%2Frollup-2.58.3.tgz"
    integrity sha1-caCBONlRX7ZQQ7ahhhiy7ZrI0jk=
    optionalDependencies:
      fsevents "~2.3.2"
  
  sass-loader@^12.3.0:
    version "12.3.0"
    resolved "https://registry.npmmirror.com/sass-loader/download/sass-loader-12.3.0.tgz#93278981c189c36a58cbfc37d4b9cef0cdc02871"
    integrity sha1-kyeJgcGJw2pYy/w31LnO8M3AKHE=
    dependencies:
      klona "^2.0.4"
      neo-async "^2.6.2"
  
  sass-resources-loader@^2.2.4:
    version "2.2.4"
    resolved "https://registry.nlark.com/sass-resources-loader/download/sass-resources-loader-2.2.4.tgz"
    integrity sha1-Gob7pJnnSojLfOlfDJhEnzSNNg4=
    dependencies:
      async "^3.2.0"
      chalk "^4.1.0"
      glob "^7.1.6"
      loader-utils "^2.0.0"
  
  sass@^1.43.4:
    version "1.43.4"
    resolved "https://registry.npmmirror.com/sass/download/sass-1.43.4.tgz?cache=0&sync_timestamp=1635300346226&other_urls=https%3A%2F%2Fregistry.npmmirror.com%2Fsass%2Fdownload%2Fsass-1.43.4.tgz"
    integrity sha1-aMfWobAEvvSa8NnK91DpslIQXR8=
    dependencies:
      chokidar ">=3.0.0 <4.0.0"
  
  source-map-js@^0.6.2:
    version "0.6.2"
    resolved "https://registry.nlark.com/source-map-js/download/source-map-js-0.6.2.tgz"
    integrity sha1-C7XeYxtBz72mz7qL0FqA79/SOF4=
  
  source-map@^0.6.1:
    version "0.6.1"
    resolved "https://registry.nlark.com/source-map/download/source-map-0.6.1.tgz"
    integrity sha1-dHIq8y6WFOnCh6jQu95IteLxomM=
  
  sourcemap-codec@^1.4.4:
    version "1.4.8"
    resolved "https://registry.npm.taobao.org/sourcemap-codec/download/sourcemap-codec-1.4.8.tgz"
    integrity sha1-6oBL2UhXQC5pktBaOO8a41qatMQ=
  
  supports-color@^7.1.0:
    version "7.2.0"
    resolved "https://registry.nlark.com/supports-color/download/supports-color-7.2.0.tgz"
    integrity sha1-G33NyzK4E4gBs+R4umpRyqiWSNo=
    dependencies:
      has-flag "^4.0.0"
  
  to-regex-range@^5.0.1:
    version "5.0.1"
    resolved "https://registry.nlark.com/to-regex-range/download/to-regex-range-5.0.1.tgz"
    integrity sha1-FkjESq58jZiKMmAY7XL1tN0DkuQ=
    dependencies:
      is-number "^7.0.0"
  
  vite@^2.6.4:
    version "2.6.12"
    resolved "https://registry.npmmirror.com/vite/download/vite-2.6.12.tgz"
    integrity sha1-F9gZymdm9Zp2CaUKuKLSzcBfFSM=
    dependencies:
      esbuild "^0.13.2"
      postcss "^8.3.8"
      resolve "^1.20.0"
      rollup "^2.57.0"
    optionalDependencies:
      fsevents "~2.3.2"
  
  vue@^3.2.16:
    version "3.2.20"
    resolved "https://registry.npmmirror.com/vue/download/vue-3.2.20.tgz?cache=0&sync_timestamp=1633712767060&other_urls=https%3A%2F%2Fregistry.npmmirror.com%2Fvue%2Fdownload%2Fvue-3.2.20.tgz"
    integrity sha1-lA+KqL8+O+eCQ8pYK61B/NRa4+Y=
    dependencies:
      "@vue/compiler-dom" "3.2.20"
      "@vue/compiler-sfc" "3.2.20"
      "@vue/runtime-dom" "3.2.20"
      "@vue/server-renderer" "3.2.20"
      "@vue/shared" "3.2.20"
  
  wrappy@1:
    version "1.0.2"
    resolved "https://registry.nlark.com/wrappy/download/wrappy-1.0.2.tgz?cache=0&sync_timestamp=1619133505879&other_urls=https%3A%2F%2Fregistry.nlark.com%2Fwrappy%2Fdownload%2Fwrappy-1.0.2.tgz"
    integrity sha1-tSQ9jz7BqjXxNkYFvA0QNuMKtp8=
